2023-08-06 02:23:11.946811 - Initialized conversion of CBT234
2023-08-06 02:23:12.165067 - Received CBT.V505.FILE234.PDS from FILE234.XMI 
2023-08-06 02:23:12.167356 - Found $$$#DATE.txt (text/plain) in CBT.V505.FILE234.PDS, moved to PDS/$$$#DATE
2023-08-06 02:23:12.168753 - Found $$NOTE01.txt (text/plain) in CBT.V505.FILE234.PDS, moved to PDS/$$NOTE01
2023-08-06 02:23:12.169822 - Found $$NOTE02.txt (text/plain) in CBT.V505.FILE234.PDS, moved to PDS/$$NOTE02
2023-08-06 02:23:12.170811 - Found $$NOTE03.txt (text/plain) in CBT.V505.FILE234.PDS, moved to PDS/$$NOTE03
2023-08-06 02:23:12.171761 - Found $README.txt (text/plain) in CBT.V505.FILE234.PDS, moved to PDS/$README
2023-08-06 02:23:12.172762 - Found @FILE234.txt (text/plain) in CBT.V505.FILE234.PDS, moved to PDS/@FILE234
2023-08-06 02:23:12.173813 - Found ASMLKED1.jcl (text/plain) in CBT.V505.FILE234.PDS, moved to PDS/ASMLKED1
2023-08-06 02:23:12.174710 - Found ASMLKED2.jcl (text/plain) in CBT.V505.FILE234.PDS, moved to PDS/ASMLKED2
2023-08-06 02:23:12.175589 - Found ASMLKED3.jcl (text/plain) in CBT.V505.FILE234.PDS, moved to PDS/ASMLKED3
2023-08-06 02:23:12.176484 - Found ASMLKED4.jcl (text/plain) in CBT.V505.FILE234.PDS, moved to PDS/ASMLKED4
2023-08-06 02:23:12.177399 - Found ASMLKED5.jcl (text/plain) in CBT.V505.FILE234.PDS, moved to PDS/ASMLKED5
2023-08-06 02:23:12.178354 - Found ASMLKED7.jcl (text/plain) in CBT.V505.FILE234.PDS, moved to PDS/ASMLKED7
2023-08-06 02:23:12.179297 - Found DISTEST.txt (text/plain) in CBT.V505.FILE234.PDS, moved to PDS/DISTEST
2023-08-06 02:23:12.180185 - Found EXECJCL.jcl (text/plain) in CBT.V505.FILE234.PDS, moved to PDS/EXECJCL
2023-08-06 02:23:12.181143 - Found EXECJCL1.jcl (text/plain) in CBT.V505.FILE234.PDS, moved to PDS/EXECJCL1
2023-08-06 02:23:12.182154 - Found EXECJCL6.jcl (text/plain) in CBT.V505.FILE234.PDS, moved to PDS/EXECJCL6
2023-08-06 02:23:12.183288 - Found EXECJCL7.jcl (text/plain) in CBT.V505.FILE234.PDS, moved to PDS/EXECJCL7
2023-08-06 02:23:12.184222 - Found EXECJCL8.jcl (text/plain) in CBT.V505.FILE234.PDS, moved to PDS/EXECJCL8
2023-08-06 02:23:12.185193 - Found EXECJCL9.jcl (text/plain) in CBT.V505.FILE234.PDS, moved to PDS/EXECJCL9
2023-08-06 02:23:12.186290 - Found READLMOD.txt (text/plain) in CBT.V505.FILE234.PDS, moved to PDS/READLMOD
2023-08-06 02:23:12.187350 - Found REBUILD.txt (text/plain) in CBT.V505.FILE234.PDS, moved to PDS/REBUILD
2023-08-06 02:23:12.188264 - Found RESCHECK.txt (text/plain) in CBT.V505.FILE234.PDS, moved to PDS/RESCHECK
2023-08-06 02:23:12.189301 - Found RESOUOLD.txt (text/plain) in CBT.V505.FILE234.PDS, moved to PDS/RESOUOLD
2023-08-06 02:23:12.190532 - Found RESOURCE.txt (text/plain) in CBT.V505.FILE234.PDS, moved to PDS/RESOURCE
2023-08-06 02:23:12.191428 - Found SYSIN.txt (text/plain) in CBT.V505.FILE234.PDS, moved to PDS/SYSIN
